1300576542618 : null<0>1
Pause time in milliseconds

1300576542980 : Making work request
1300576542992 : 1->0

1300576542993 : 13

1300576543104 : Making work request
1300576543105 : 1->0

1300576543107 : Making work request
1300576543109 : 1->0

1300576543110 : Making work request
1300576543111 : 1->0

1300576544823 : Making work request
1300576544824 : 2->0

1300576544826 : Making work request
1300576544827 : 1->0

1300576544830 : Making work request
1300576544830 : 1->0

1300576544862 : Making work request
1300576544862 : 1->0

1300576544865 : Making work request
1300576544866 : 4->0

1300576544869 : Making work request
1300576544869 : 1->0

1300576544874 : Making work request
1300576544874 : 2->0

1300576544875 : Making work request
1300576544875 : 1->0

1300576544879 : Making work request
1300576544879 : 1->0

1300576544888 : Making work request
1300576544888 : 1->0

1300576544890 : Making work request
1300576544890 : 2->0

1300576544890 : Making work request
1300576544890 : 1->0

1300576544893 : Making work request
1300576544894 : 3->0

1300576544894 : Making work request
1300576544896 : Received poison work request
1300576544896 : Making work request
1300576544897 : 1->0

1300576544898 : Making work request
1300576544899 : 1->0

1300576544901 : Making work request
1300576544902 : 5->0

1300576544902 : Making work request
1300576544903 : Received poison work request
1300576544903 : Making work request
1300576544904 : 4->0

1300576544907 : Making work request
1300576544907 : Received poison work request
1300576544907 : Making work request
1300576544908 : Received poison work request
1300576544908 : Making work request
1300576544908 : Received poison work request
1300576544909 : Making work request
