1300576542620 : 0<1>2
Pause time in milliseconds

1300576542815 : Making work request
1300576542826 : Received poison work request
1300576542826 : Making work request
1300576542830 : 0->1

1300576542831 : 16

1300576543110 : Making work request
1300576543110 : 2->1

1300576544733 : Making work request
1300576544733 : 0->1

1300576544780 : Making work request
1300576544780 : 0->1

1300576544819 : Making work request
1300576544820 : 0->1

1300576544827 : Making work request
1300576544828 : 4->1

1300576544860 : Making work request
1300576544861 : 0->1

1300576544865 : Making work request
1300576544866 : 4->1

1300576544876 : Making work request
1300576544876 : 0->1

1300576544877 : Making work request
1300576544878 : 2->1

1300576544882 : Making work request
1300576544882 : 2->1

1300576544886 : Making work request
1300576544886 : 2->1

1300576544887 : Making work request
1300576544887 : 0->1

1300576544889 : Making work request
1300576544889 : 0->1

1300576544889 : Making work request
1300576544889 : 0->1

1300576544892 : Making work request
1300576544894 : 6->1

1300576544900 : Making work request
1300576544901 : 4->1

1300576544901 : Making work request
1300576544902 : 7->1

1300576544903 : Making work request
1300576544904 : Received poison work request
1300576544905 : Making work request
1300576544905 : Received poison work request
1300576544905 : Making work request
1300576544906 : Received poison work request
1300576544906 : Making work request
1300576544907 : Received poison work request
1300576544907 : Making work request
1300576544907 : Received poison work request
1300576544907 : Making work request
1300576544908 : Received poison work request
1300576544908 : Making work request
