1300576542622 : 1<2>3
Pause time in milliseconds

1300576542815 : Making work request
1300576542820 : 0->2

1300576544324 : Making work request
1300576544324 : 1->2

1300576544473 : Making work request
1300576544473 : 1->2

1300576544672 : Making work request
1300576544673 : 1->2

1300576544726 : Making work request
1300576544726 : 1->2

1300576544769 : Making work request
1300576544769 : 1->2

1300576544779 : Making work request
1300576544779 : 1->2

1300576544783 : Making work request
1300576544783 : 1->2

1300576544824 : Making work request
1300576544824 : 1->2

1300576544855 : Making work request
1300576544856 : 1->2

1300576544863 : Making work request
1300576544863 : 6->2

1300576544868 : Making work request
1300576544869 : 1->2

1300576544875 : Making work request
1300576544875 : 1->2

1300576544876 : Making work request
1300576544877 : 3->2

1300576544883 : Making work request
1300576544883 : 1->2

1300576544884 : Making work request
1300576544885 : 1->2

1300576544888 : Making work request
1300576544888 : 5->2

1300576544891 : Making work request
1300576544892 : 1->2

1300576544894 : Making work request
1300576544895 : 6->2

1300576544898 : Making work request
1300576544900 : Received poison work request
1300576544900 : Making work request
1300576544901 : 0->2

1300576544901 : Making work request
1300576544901 : 1->2

1300576544902 : Making work request
1300576544902 : 7->2

1300576544902 : Making work request
1300576544903 : Received poison work request
1300576544903 : Making work request
1300576544903 : 3->2

1300576544904 : Making work request
1300576544905 : 0->2

1300576544908 : Making work request
1300576544908 : Received poison work request
