1300576542623 : 2<3>4
Pause time in milliseconds

1300576542816 : Making work request
1300576542823 : 0->3

1300576543209 : 27

1300576544470 : Making work request
1300576544470 : 2->3

1300576544471 : Making work request
1300576544471 : 2->3

1300576544474 : Making work request
1300576544474 : 2->3

1300576544578 : Making work request
1300576544579 : 2->3

1300576544641 : Making work request
1300576544641 : 2->3

1300576544645 : Making work request
1300576544646 : 2->3

1300576544658 : Making work request
1300576544658 : 2->3

1300576544683 : Making work request
1300576544684 : 2->3

1300576544740 : Making work request
1300576544741 : 2->3

1300576544756 : Making work request
1300576544756 : 2->3

1300576544770 : Making work request
1300576544770 : 2->3

1300576544778 : Making work request
1300576544778 : 4->3

1300576544823 : Making work request
1300576544823 : 2->3

1300576544825 : Making work request
1300576544825 : 4->3

1300576544848 : Making work request
1300576544848 : 1->3

1300576544850 : Making work request
1300576544850 : 2->3

1300576544854 : Making work request
1300576544854 : 2->3

1300576544856 : Making work request
1300576544856 : 2->3

1300576544863 : Making work request
1300576544863 : 1->3

1300576544866 : Making work request
1300576544866 : 2->3

1300576544869 : Making work request
1300576544869 : 2->3

1300576544878 : Making work request
1300576544878 : 2->3

1300576544881 : Making work request
1300576544881 : 1->3

1300576544886 : Making work request
1300576544886 : 2->3

1300576544889 : Making work request
1300576544890 : 5->3

1300576544894 : Making work request
1300576544895 : 5->3

1300576544903 : Making work request
1300576544903 : 1->3

1300576544904 : Making work request
1300576544905 : Received poison work request
1300576544905 : Making work request
1300576544905 : Received poison work request
1300576544905 : Making work request
1300576544906 : Received poison work request
1300576544906 : Making work request
1300576544907 : Received poison work request
1300576544907 : Making work request
1300576544907 : Received poison work request
1300576544907 : Making work request
1300576544908 : Received poison work request
1300576544908 : Making work request
