1300576542624 : 3<4>5
Pause time in milliseconds

1300576542817 : Making work request
1300576542831 : 0->4

1300576542833 : 16

1300576544337 : Making work request
1300576544337 : 3->4

1300576544429 : Making work request
1300576544430 : 3->4

1300576544437 : Making work request
1300576544437 : 3->4

1300576544634 : Making work request
1300576544634 : 3->4

1300576544648 : Making work request
1300576544648 : 3->4

1300576544653 : Making work request
1300576544653 : 3->4

1300576544656 : Making work request
1300576544657 : 3->4

1300576544663 : Making work request
1300576544664 : 3->4

1300576544680 : Making work request
1300576544680 : 3->4

1300576544694 : Making work request
1300576544695 : 3->4

1300576544732 : Making work request
1300576544733 : 3->4

1300576544738 : Making work request
1300576544738 : 3->4

1300576544748 : Making work request
1300576544748 : 3->4

1300576544830 : Making work request
1300576544830 : 5->4

1300576544837 : Making work request
1300576544837 : 3->4

1300576544847 : Making work request
1300576544847 : 3->4

1300576544848 : Making work request
1300576544848 : 5->4

1300576544877 : Making work request
1300576544877 : 3->4

1300576544877 : Making work request
1300576544878 : 3->4

1300576544891 : Making work request
1300576544892 : 3->4

1300576544894 : Making work request
1300576544894 : 3->4

1300576544894 : Making work request
1300576544895 : 7->4

1300576544902 : Making work request
1300576544902 : 3->4

1300576544906 : Making work request
1300576544906 : Received poison work request
1300576544906 : Making work request
1300576544907 : Received poison work request
1300576544907 : Making work request
1300576544907 : Received poison work request
1300576544907 : Making work request
1300576544908 : Received poison work request
1300576544908 : Making work request
1300576544909 : Received poison work request
1300576544909 : Making work request
