1300576542626 : 4<5>6
Pause time in milliseconds

1300576542817 : Making work request
1300576542821 : 0->5

1300576544406 : Making work request
1300576544407 : 4->5

1300576544419 : Making work request
1300576544420 : 4->5

1300576544557 : Making work request
1300576544557 : 4->5

1300576544644 : Making work request
1300576544644 : 4->5

1300576544651 : Making work request
1300576544651 : 4->5

1300576544653 : Making work request
1300576544654 : 6->5

1300576544667 : Making work request
1300576544667 : 4->5

1300576544697 : Making work request
1300576544698 : 6->5

1300576544738 : Making work request
1300576544739 : 6->5

1300576544769 : Making work request
1300576544769 : 4->5

1300576544833 : Making work request
1300576544834 : 4->5

1300576544843 : Making work request
1300576544843 : 6->5

1300576544875 : Making work request
1300576544875 : 6->5

1300576544898 : Making work request
1300576544899 : 6->5

1300576544903 : Making work request
1300576544903 : Received poison work request
1300576544904 : Making work request
1300576544905 : Received poison work request
1300576544905 : Making work request
1300576544906 : Received poison work request
1300576544906 : Making work request
1300576544907 : 2->5

1300576544907 : Making work request
1300576544907 : Received poison work request
1300576544908 : Making work request
1300576544908 : Received poison work request
1300576544908 : Making work request
