1300576542627 : 5<6>7
Pause time in milliseconds

1300576542816 : Making work request
1300576542823 : Received poison work request
1300576542824 : Making work request
1300576542830 : 5->6

1300576542851 : 35

1300576544253 : Making work request
1300576544254 : 5->6

1300576544663 : Making work request
1300576544664 : 5->6

1300576544768 : Making work request
1300576544769 : 7->6

1300576544894 : Making work request
1300576544895 : 7->6

1300576544898 : Making work request
1300576544898 : 4->6

1300576544902 : Making work request
1300576544903 : 1->6

1300576544903 : Making work request
1300576544904 : 4->6

1300576544904 : Making work request
1300576544905 : Received poison work request
1300576544905 : Making work request
1300576544906 : Received poison work request
1300576544906 : Making work request
1300576544907 : Received poison work request
1300576544907 : Making work request
1300576544908 : Received poison work request
1300576544908 : Making work request
1300576544908 : Received poison work request
1300576544908 : Making work request
