1300576542629 : 6<7>null
Pause time in milliseconds

1300576542816 : Making work request
1300576542829 : 0->7

1300576542830 : 14

1300576543142 : 31

1300576544101 : Making work request
1300576544102 : 6->7

1300576544896 : Making work request
1300576544896 : 6->7

1300576544896 : Making work request
1300576544898 : 5->7

1300576544900 : Making work request
1300576544900 : 5->7

1300576544900 : Making work request
1300576544901 : 4->7

1300576544903 : Making work request
1300576544903 : Received poison work request
1300576544903 : Making work request
1300576544904 : Received poison work request
1300576544904 : Making work request
1300576544905 : Received poison work request
1300576544905 : Making work request
1300576544906 : 0->7

1300576544906 : Making work request
1300576544907 : Received poison work request
1300576544907 : Making work request
1300576544908 : Received poison work request
1300576544908 : Making work request
1300576544908 : Received poison work request
1300576544908 : Making work request
