1300576549522 : null<0>1
Pause time in milliseconds

1300576549657 : Making work request
1300576549658 : 2->0

1300576549660 : Making work request
1300576549661 : 2->0

1300576549665 : Making work request
1300576549665 : 1->0

1300576549668 : Making work request
1300576549668 : 2->0

1300576549673 : Making work request
1300576549673 : 1->0

1300576549678 : Making work request
1300576549678 : 2->0

1300576549679 : Making work request
1300576549679 : 1->0

1300576549682 : Making work request
1300576549682 : 1->0

1300576549682 : Making work request
1300576549683 : 4->0

1300576549696 : Making work request
1300576549696 : 1->0

1300576549696 : Making work request
1300576549697 : 2->0

1300576549700 : Making work request
1300576549700 : 1->0

1300576549728 : Making work request
1300576549728 : 1->0

1300576549753 : Making work request
1300576549754 : 1->0

1300576549776 : Making work request
1300576549776 : 1->0

1300576549780 : Making work request
1300576549780 : 1->0

1300576549780 : Making work request
1300576549781 : 3->0

1300576549782 : Making work request
1300576549783 : 1->0

1300576549786 : Making work request
1300576549786 : 1->0

1300576549786 : Making work request
1300576549786 : 1->0

1300576549788 : Making work request
1300576549788 : 2->0

1300576549794 : Making work request
1300576549795 : 1->0

1300576549806 : Making work request
1300576549807 : 2->0

1300576549811 : Making work request
1300576549812 : 1->0

1300576549853 : Making work request
1300576549853 : 2->0

1300576549872 : Making work request
1300576549872 : 2->0

1300576549875 : Making work request
1300576549876 : 2->0

1300576549880 : Making work request
1300576549880 : 3->0

1300576549883 : Making work request
1300576549883 : 2->0

1300576549887 : Making work request
1300576549887 : 2->0

1300576549887 : Making work request
1300576549888 : 1->0

1300576549889 : Making work request
1300576549889 : 1->0

1300576549889 : Making work request
1300576549890 : 2->0

1300576549891 : Making work request
1300576549892 : 1->0

1300576549893 : Making work request
1300576549893 : 1->0

1300576549894 : Making work request
1300576549894 : 1->0

1300576549894 : Making work request
1300576549895 : 3->0

1300576549895 : Making work request
1300576549896 : 7->0

1300576549925 : Making work request
1300576549925 : 1->0

1300576549932 : Making work request
1300576549932 : 1->0

1300576549933 : Making work request
1300576549934 : 2->0

1300576549934 : Making work request
1300576549935 : 6->0

1300576549935 : Making work request
1300576549936 : 5->0

1300576549937 : Making work request
1300576549937 : 4->0

1300576549937 : Making work request
1300576549938 : Received poison work request
1300576549938 : Making work request
