1300576549523 : 0<1>2
Pause time in milliseconds

1300576549537 : Making work request
1300576549537 : 0->1

1300576549591 : Making work request
1300576549591 : 0->1

1300576549657 : Making work request
1300576549658 : 2->1

1300576549660 : Making work request
1300576549660 : 0->1

1300576549660 : Making work request
1300576549661 : 2->1

1300576549661 : Making work request
1300576549662 : 0->1

1300576549664 : Making work request
1300576549664 : 2->1

1300576549668 : Making work request
1300576549668 : 3->1

1300576549671 : Making work request
1300576549671 : 0->1

1300576549672 : Making work request
1300576549672 : 0->1

1300576549675 : Making work request
1300576549675 : 0->1

1300576549677 : Making work request
1300576549677 : 0->1

1300576549678 : Making work request
1300576549679 : 3->1

1300576549681 : Making work request
1300576549681 : 0->1

1300576549681 : Making work request
1300576549681 : 2->1

1300576549683 : Making work request
1300576549683 : 4->1

1300576549691 : Making work request
1300576549692 : 0->1

1300576549724 : Making work request
1300576549725 : 0->1

1300576549757 : Making work request
1300576549758 : 0->1

1300576549767 : Making work request
1300576549767 : 0->1

1300576549770 : Making work request
1300576549771 : 3->1

1300576549776 : Making work request
1300576549776 : 0->1

1300576549781 : Making work request
1300576549782 : 0->1

1300576549791 : Making work request
1300576549791 : 2->1

1300576549802 : Making work request
1300576549802 : 3->1

1300576549802 : Making work request
1300576549803 : 0->1

1300576549807 : Making work request
1300576549807 : 2->1

1300576549809 : Making work request
1300576549809 : 2->1

1300576549850 : Making work request
1300576549850 : 0->1

1300576549852 : Making work request
1300576549852 : 2->1

1300576549852 : Making work request
1300576549852 : 3->1

1300576549853 : Making work request
1300576549854 : 0->1

1300576549863 : Making work request
1300576549863 : 0->1

1300576549867 : Making work request
1300576549867 : 0->1

1300576549873 : Making work request
1300576549873 : 0->1

1300576549874 : Making work request
1300576549874 : 2->1

1300576549875 : Making work request
1300576549875 : 4->1

1300576549878 : Making work request
1300576549879 : 5->1

1300576549881 : Making work request
1300576549882 : 4->1

1300576549888 : Making work request
1300576549888 : 0->1

1300576549888 : Making work request
1300576549888 : 0->1

1300576549889 : Making work request
1300576549889 : 0->1

1300576549890 : Making work request
1300576549890 : 2->1

1300576549894 : Making work request
1300576549894 : 2->1

1300576549895 : Making work request
1300576549895 : 7->1

1300576549912 : Making work request
1300576549912 : 0->1

1300576549928 : Making work request
1300576549928 : 0->1

1300576549931 : Making work request
1300576549931 : 0->1

1300576549934 : Making work request
1300576549934 : 2->1

1300576549934 : Making work request
1300576549935 : 5->1

1300576549935 : Making work request
1300576549935 : 0->1

1300576549936 : Making work request
1300576549936 : Received poison work request
1300576549937 : Making work request
1300576549937 : 0->1

1300576549937 : Making work request
1300576549937 : Received poison work request
1300576549937 : Making work request
1300576549938 : Received poison work request
1300576549938 : Making work request
