1300576549524 : 1<2>3
Pause time in milliseconds

1300576549537 : Making work request
1300576549538 : 0->2

1300576549625 : Making work request
1300576549625 : 1->2

1300576549633 : Making work request
1300576549633 : 1->2

1300576549635 : Making work request
1300576549635 : 1->2

1300576549635 : Making work request
1300576549635 : 3->2

1300576549654 : Making work request
1300576549654 : 1->2

1300576549661 : Making work request
1300576549662 : 3->2

1300576549668 : Making work request
1300576549668 : 3->2

1300576549670 : Making work request
1300576549671 : 3->2

1300576549675 : Making work request
1300576549676 : 1->2

1300576549677 : Making work request
1300576549677 : 3->2

1300576549682 : Making work request
1300576549683 : 3->2

1300576549685 : Making work request
1300576549685 : 1->2

1300576549690 : Making work request
1300576549690 : 0->2

1300576549708 : Making work request
1300576549708 : 1->2

1300576549724 : Making work request
1300576549725 : 3->2

1300576549765 : Making work request
1300576549766 : 1->2

1300576549766 : Making work request
1300576549767 : 1->2

1300576549769 : Making work request
1300576549769 : 1->2

1300576549769 : Making work request
1300576549770 : 1->2

1300576549770 : Making work request
1300576549771 : 3->2

1300576549785 : Making work request
1300576549786 : 4->2

1300576549801 : Making work request
1300576549802 : 3->2

1300576549805 : Making work request
1300576549805 : 1->2

1300576549806 : Making work request
1300576549806 : 1->2

1300576549807 : Making work request
1300576549807 : 1->2

1300576549807 : Making work request
1300576549808 : 3->2

1300576549815 : Making work request
1300576549815 : 1->2

1300576549828 : Making work request
1300576549828 : 1->2

1300576549854 : Making work request
1300576549854 : 1->2

1300576549875 : Making work request
1300576549875 : 5->2

1300576549877 : Making work request
1300576549877 : 0->2

1300576549880 : Making work request
1300576549880 : 1->2

1300576549886 : Making work request
1300576549887 : 0->2

1300576549888 : Making work request
1300576549889 : 4->2

1300576549892 : Making work request
1300576549893 : 3->2

1300576549894 : Making work request
1300576549894 : 1->2

1300576549895 : Making work request
1300576549895 : 4->2

1300576549928 : Making work request
1300576549928 : 1->2

1300576549929 : Making work request
1300576549930 : 1->2

1300576549935 : Making work request
1300576549936 : Received poison work request
1300576549937 : Making work request
1300576549937 : Received poison work request
1300576549937 : Making work request
1300576549938 : Received poison work request
1300576549938 : Making work request
