1300576549525 : 2<3>4
Pause time in milliseconds

1300576549537 : Making work request
1300576549538 : 1->3

1300576549542 : Making work request
1300576549543 : 2->3

1300576549661 : Making work request
1300576549661 : 4->3

1300576549669 : Making work request
1300576549669 : 2->3

1300576549674 : Making work request
1300576549674 : 2->3

1300576549676 : Making work request
1300576549676 : 4->3

1300576549684 : Making work request
1300576549684 : 2->3

1300576549684 : Making work request
1300576549685 : 2->3

1300576549686 : Making work request
1300576549686 : 4->3

1300576549687 : Making work request
1300576549688 : 4->3

1300576549690 : Making work request
1300576549690 : 4->3

1300576549707 : Making work request
1300576549707 : 2->3

1300576549707 : Making work request
1300576549707 : 2->3

1300576549708 : Making work request
1300576549708 : 4->3

1300576549733 : Making work request
1300576549733 : 2->3

1300576549771 : Making work request
1300576549771 : 4->3

1300576549778 : Making work request
1300576549778 : 2->3

1300576549784 : Making work request
1300576549784 : 2->3

1300576549786 : Making work request
1300576549786 : 4->3

1300576549796 : Making work request
1300576549796 : 2->3

1300576549799 : Making work request
1300576549799 : 2->3

1300576549800 : Making work request
1300576549800 : 2->3

1300576549803 : Making work request
1300576549804 : 4->3

1300576549810 : Making work request
1300576549811 : 2->3

1300576549826 : Making work request
1300576549827 : 2->3

1300576549827 : Making work request
1300576549828 : 1->3

1300576549847 : Making work request
1300576549847 : 2->3

1300576549871 : Making work request
1300576549871 : 2->3

1300576549879 : Making work request
1300576549879 : 2->3

1300576549879 : Making work request
1300576549880 : 1->3

1300576549882 : Making work request
1300576549883 : 1->3

1300576549883 : Making work request
1300576549884 : 4->3

1300576549886 : Making work request
1300576549887 : 0->3

1300576549888 : Making work request
1300576549889 : 5->3

1300576549895 : Making work request
1300576549895 : 4->3

1300576549901 : Making work request
1300576549901 : 2->3

1300576549908 : Making work request
1300576549909 : 2->3

1300576549909 : Making work request
1300576549910 : 1->3

1300576549923 : Making work request
1300576549926 : 5->3

1300576549927 : Making work request
1300576549927 : 2->3

1300576549930 : Making work request
1300576549930 : 2->3

1300576549931 : Making work request
1300576549931 : 2->3

1300576549933 : Making work request
1300576549933 : 2->3

1300576549935 : Making work request
1300576549935 : 5->3

1300576549936 : Making work request
1300576549937 : Received poison work request
1300576549937 : Making work request
1300576549938 : Received poison work request
1300576549938 : Making work request
