1300576549526 : 3<4>5
Pause time in milliseconds

1300576549537 : Making work request
1300576549539 : 1->4

1300576549550 : Making work request
1300576549550 : 3->4

1300576549688 : Making work request
1300576549688 : 5->4

1300576549703 : Making work request
1300576549704 : 6->4

1300576549775 : Making work request
1300576549775 : 3->4

1300576549781 : Making work request
1300576549782 : 5->4

1300576549796 : Making work request
1300576549796 : 5->4

1300576549816 : Making work request
1300576549816 : 3->4

1300576549842 : Making work request
1300576549843 : 3->4

1300576549881 : Making work request
1300576549881 : 3->4

1300576549885 : Making work request
1300576549885 : 3->4

1300576549886 : Making work request
1300576549887 : 1->4

1300576549888 : Making work request
1300576549888 : 5->4

1300576549897 : Making work request
1300576549897 : 3->4

1300576549901 : Making work request
1300576549901 : 3->4

1300576549906 : Making work request
1300576549907 : 5->4

1300576549909 : Making work request
1300576549909 : 5->4

1300576549910 : Making work request
1300576549910 : 1->4

1300576549915 : Making work request
1300576549915 : 5->4

1300576549915 : Making work request
1300576549915 : 3->4

1300576549923 : Making work request
1300576549923 : 5->4

1300576549925 : Making work request
1300576549925 : 5->4

1300576549925 : Making work request
1300576549926 : 6->4

1300576549928 : Making work request
1300576549929 : 3->4

1300576549929 : Making work request
1300576549929 : 6->4

1300576549930 : Making work request
1300576549930 : 1->4

1300576549934 : Making work request
1300576549934 : 3->4

1300576549934 : Making work request
1300576549935 : 5->4

1300576549938 : Making work request
1300576549938 : Received poison work request
1300576549938 : Making work request
