1300576549527 : 4<5>6
Pause time in milliseconds

1300576549538 : Making work request
1300576549539 : 3->5

1300576549582 : Making work request
1300576549582 : 4->5

1300576549689 : Making work request
1300576549689 : 4->5

1300576549712 : Making work request
1300576549712 : 4->5

1300576549793 : Making work request
1300576549793 : 6->5

1300576549802 : Making work request
1300576549802 : 4->5

1300576549861 : Making work request
1300576549861 : 4->5

1300576549880 : Making work request
1300576549880 : 6->5

1300576549898 : Making work request
1300576549898 : 2->5

1300576549904 : Making work request
1300576549904 : 3->5

1300576549905 : Making work request
1300576549905 : 4->5

1300576549907 : Making work request
1300576549908 : 7->5

1300576549910 : Making work request
1300576549910 : 6->5

1300576549911 : Making work request
1300576549911 : 4->5

1300576549914 : Making work request
1300576549914 : 3->5

1300576549922 : Making work request
1300576549923 : 4->5

1300576549925 : Making work request
1300576549926 : 6->5

1300576549928 : Making work request
1300576549928 : 6->5

1300576549928 : Making work request
1300576549929 : 7->5

1300576549929 : Making work request
1300576549930 : 0->5

1300576549931 : Making work request
1300576549931 : 4->5

1300576549932 : Making work request
1300576549933 : 7->5

1300576549934 : Making work request
1300576549934 : 7->5

1300576549936 : Making work request
1300576549936 : 4->5

1300576549937 : Making work request
1300576549938 : Received poison work request
1300576549938 : Making work request
1300576549938 : Received poison work request
1300576549938 : Making work request
