1300576549528 : 5<6>7
Pause time in milliseconds

1300576549538 : Making work request
1300576549539 : 4->6

1300576549825 : Making work request
1300576549825 : 5->6

1300576549835 : Making work request
1300576549835 : 5->6

1300576549846 : Making work request
1300576549847 : 7->6

1300576549888 : Making work request
1300576549889 : 5->6

1300576549898 : Making work request
1300576549898 : 7->6

1300576549899 : Making work request
1300576549899 : 5->6

1300576549904 : Making work request
1300576549904 : 3->6

1300576549905 : Making work request
1300576549905 : 4->6

1300576549906 : Making work request
1300576549907 : 5->6

1300576549908 : Making work request
1300576549908 : 7->6

1300576549909 : Making work request
1300576549909 : 7->6

1300576549912 : Making work request
1300576549913 : 5->6

1300576549914 : Making work request
1300576549914 : 3->6

1300576549928 : Making work request
1300576549929 : 7->6

1300576549930 : Making work request
1300576549930 : 3->6

1300576549930 : Making work request
1300576549931 : 5->6

1300576549931 : Making work request
1300576549932 : 7->6

1300576549936 : Making work request
1300576549936 : 7->6

1300576549936 : Making work request
1300576549936 : 5->6

1300576549937 : Making work request
1300576549938 : Received poison work request
1300576549938 : Making work request
1300576549938 : Received poison work request
1300576549938 : Making work request
