1300576549529 : 6<7>null
Pause time in milliseconds

1300576549538 : Making work request
1300576549539 : 3->7

1300576549751 : Making work request
1300576549751 : 6->7

1300576549787 : Making work request
1300576549788 : 6->7

1300576549896 : Making work request
1300576549897 : 3->7

1300576549901 : Making work request
1300576549902 : 6->7

1300576549902 : Making work request
1300576549903 : 6->7

1300576549905 : Making work request
1300576549905 : 4->7

1300576549906 : Making work request
1300576549906 : 6->7

1300576549907 : Making work request
1300576549907 : 3->7

1300576549913 : Making work request
1300576549913 : 5->7

1300576549913 : Making work request
1300576549914 : 6->7

1300576549914 : Making work request
1300576549914 : 3->7

1300576549929 : Making work request
1300576549929 : 6->7

1300576549930 : Making work request
1300576549930 : 1->7

1300576549935 : Making work request
1300576549935 : 6->7

1300576549937 : Making work request
1300576549938 : Received poison work request
1300576549938 : Making work request
1300576549938 : Received poison work request
1300576549938 : Making work request
