1300576547697 : null<0>1
Pause time in milliseconds

1300576547832 : Making work request
1300576547833 : 1->0

1300576548184 : Making work request
1300576548184 : 1->0

1300576548186 : Making work request
1300576548187 : 2->0

1300576548189 : Making work request
1300576548189 : 1->0

1300576548194 : Making work request
1300576548194 : Received poison work request
1300576548194 : Making work request
1300576548195 : 3->0

1300576548197 : Making work request
1300576548198 : Received poison work request
1300576548198 : Making work request
1300576548199 : Received poison work request
1300576548199 : Making work request
1300576548199 : Received poison work request
1300576548199 : Making work request
