1300576547698 : 0<1>2
Pause time in milliseconds

1300576547712 : Making work request
1300576547715 : 0->1

1300576547776 : Making work request
1300576547777 : 0->1

1300576547787 : Making work request
1300576547787 : 0->1

1300576547820 : Making work request
1300576547821 : 0->1

1300576547938 : Making work request
1300576547939 : 0->1

1300576547979 : Making work request
1300576547979 : 0->1

1300576548040 : Making work request
1300576548040 : 0->1

1300576548119 : Making work request
1300576548120 : 0->1

1300576548179 : Making work request
1300576548179 : 0->1

1300576548185 : Making work request
1300576548186 : 0->1

1300576548188 : Making work request
1300576548188 : 0->1

1300576548192 : Making work request
1300576548192 : 2->1

1300576548192 : Making work request
1300576548193 : 0->1

1300576548193 : Making work request
1300576548193 : 0->1

1300576548194 : Making work request
1300576548195 : Received poison work request
1300576548195 : Making work request
1300576548195 : 3->1

1300576548196 : Making work request
1300576548197 : 0->1

1300576548197 : Making work request
1300576548198 : Received poison work request
1300576548198 : Making work request
1300576548199 : Received poison work request
1300576548199 : Making work request
1300576548199 : Received poison work request
1300576548199 : Making work request
