1300576547699 : 1<2>3
Pause time in milliseconds

1300576547713 : Making work request
1300576547715 : 0->2

1300576547769 : Making work request
1300576547770 : 1->2

1300576547794 : Making work request
1300576547795 : 1->2

1300576547933 : Making work request
1300576547933 : 1->2

1300576547951 : Making work request
1300576547951 : 1->2

1300576547972 : Making work request
1300576547974 : 3->2

1300576548028 : Making work request
1300576548028 : 1->2

1300576548182 : Making work request
1300576548182 : 1->2

1300576548187 : Making work request
1300576548188 : 3->2

1300576548190 : Making work request
1300576548191 : 1->2

1300576548191 : Making work request
1300576548192 : 4->2

1300576548193 : Making work request
1300576548194 : 6->2

1300576548196 : Making work request
1300576548197 : 5->2

1300576548197 : Making work request
1300576548198 : Received poison work request
1300576548198 : Making work request
1300576548199 : Received poison work request
1300576548199 : Making work request
1300576548199 : Received poison work request
1300576548199 : Making work request
