1300576547700 : 2<3>4
Pause time in milliseconds

1300576547713 : Making work request
1300576547715 : 1->3

1300576547720 : Making work request
1300576547720 : 2->3

1300576547737 : Making work request
1300576547737 : 2->3

1300576547746 : Making work request
1300576547746 : 2->3

1300576547767 : Making work request
1300576547767 : 2->3

1300576547785 : Making work request
1300576547785 : 2->3

1300576547792 : Making work request
1300576547793 : 2->3

1300576547799 : Making work request
1300576547799 : 2->3

1300576547845 : Making work request
1300576547845 : 2->3

1300576547935 : Making work request
1300576547935 : 4->3

1300576547945 : Making work request
1300576547945 : 2->3

1300576547951 : Making work request
1300576547951 : 1->3

1300576547985 : Making work request
1300576547986 : 2->3

1300576548061 : Making work request
1300576548061 : 2->3

1300576548155 : Making work request
1300576548155 : 2->3

1300576548175 : Making work request
1300576548176 : 2->3

1300576548190 : Making work request
1300576548191 : 4->3

1300576548192 : Making work request
1300576548193 : 2->3

1300576548193 : Making work request
1300576548194 : Received poison work request
1300576548194 : Making work request
1300576548195 : 2->3

1300576548196 : Making work request
1300576548196 : 2->3

1300576548197 : Making work request
1300576548197 : 6->3

1300576548199 : Making work request
1300576548199 : Received poison work request
1300576548199 : Making work request
