1300576547701 : 3<4>5
Pause time in milliseconds

1300576547714 : Making work request
1300576547715 : 2->4

1300576547729 : Making work request
1300576547729 : 3->4

1300576547733 : Making work request
1300576547733 : 3->4

1300576547949 : Making work request
1300576547951 : 2->4

1300576547961 : Making work request
1300576547968 : 3->4

1300576548126 : Making work request
1300576548126 : 3->4

1300576548191 : Making work request
1300576548191 : 6->4

1300576548192 : Making work request
1300576548192 : 5->4

1300576548196 : Making work request
1300576548196 : 2->4

1300576548197 : Making work request
1300576548198 : Received poison work request
1300576548198 : Making work request
1300576548199 : Received poison work request
1300576548199 : Making work request
1300576548199 : Received poison work request
1300576548199 : Making work request
