1300576547702 : 4<5>6
Pause time in milliseconds

1300576547714 : Making work request
1300576547716 : 2->5

1300576547716 : Making work request
1300576547716 : 4->5

1300576547751 : Making work request
1300576547751 : 6->5

1300576547753 : Making work request
1300576547754 : 4->5

1300576547755 : Making work request
1300576547757 : 4->5

1300576547928 : Making work request
1300576547928 : 4->5

1300576547946 : Making work request
1300576547946 : 4->5

1300576547949 : Making work request
1300576547951 : 6->5

1300576548030 : Making work request
1300576548030 : 4->5

1300576548071 : Making work request
1300576548091 : 4->5

1300576548091 : 20

1300576548154 : Making work request
1300576548155 : 4->5

1300576548194 : Making work request
1300576548195 : Received poison work request
1300576548195 : Making work request
1300576548196 : 7->5

1300576548197 : Making work request
1300576548197 : 3->5

1300576548199 : Making work request
1300576548199 : Received poison work request
1300576548199 : Making work request
