1300576547703 : 5<6>7
Pause time in milliseconds

1300576547714 : Making work request
1300576547716 : 3->6

1300576547754 : Making work request
1300576547754 : 7->6

1300576547858 : Making work request
1300576547859 : 7->6

1300576547940 : Making work request
1300576547945 : 5->6

1300576547948 : Making work request
1300576547948 : 7->6

1300576548058 : Making work request
1300576548061 : 5->6

1300576548090 : 31

1300576548183 : Making work request
1300576548184 : 5->6

1300576548194 : Making work request
1300576548195 : 2->6

1300576548196 : Making work request
1300576548197 : 0->6

1300576548197 : Making work request
1300576548198 : Received poison work request
1300576548198 : Making work request
1300576548198 : Received poison work request
1300576548198 : Making work request
1300576548199 : Received poison work request
1300576548199 : Making work request
1300576548199 : Received poison work request
1300576548200 : Making work request
