1300576547704 : 6<7>null
Pause time in milliseconds

1300576547715 : Making work request
1300576547716 : 3->7

1300576547809 : Making work request
1300576547810 : 6->7

1300576548175 : Making work request
1300576548175 : 6->7

1300576548195 : Making work request
1300576548195 : 4->7

1300576548196 : Making work request
1300576548196 : 5->7

1300576548197 : Making work request
1300576548197 : Received poison work request
1300576548197 : Making work request
1300576548198 : Received poison work request
1300576548198 : Making work request
1300576548198 : Received poison work request
1300576548198 : Making work request
1300576548199 : Received poison work request
1300576548199 : Making work request
1300576548200 : Received poison work request
1300576548200 : Making work request
